0 info it worked if it ends with ok
1 verbose cli [ 'C:\\Program Files\\nodejs\\\\node.exe',
1 verbose cli   'C:\\Program Files\\nodejs\\node_modules\\npm\\bin\\npm-cli.js',
1 verbose cli   'version',
1 verbose cli   '0.2.0rc1' ]
2 info using npm@1.1.62
3 info using node@v0.8.11
4 verbose node symlink C:\Program Files\nodejs\\node.exe
5 silly exec git "status" "--porcelain"
6 silly git,status,--porcelain, spawning
7 error Error: Git working directory not clean.
7 error M .gitignore
7 error M .npmignore
7 error M .travis.yml
7 error M README.md
7 error D grunt.js
7 error M package.json
7 error M tasks/string-replace.js
7 error D test/bar.txt
7 error D test/foo.txt
7 error M test/string-replace_test.js
7 error     at C:\Program Files\nodejs\node_modules\npm\lib\version.js:82:33
7 error     at ChildProcess.<anonymous> (C:\Program Files\nodejs\node_modules\npm\lib\utils\exec.js:61:5)
7 error     at ChildProcess.EventEmitter.emit (events.js:96:17)
7 error     at Process._handle.onexit (child_process.js:678:10)
8 error If you need help, you may report this log at:
8 error     <http://github.com/isaacs/npm/issues>
8 error or email it to:
8 error     <npm-@googlegroups.com>
9 error System Windows_NT 6.1.7601
10 error command "C:\\Program Files\\nodejs\\\\node.exe" "C:\\Program Files\\nodejs\\node_modules\\npm\\bin\\npm-cli.js" "version" "0.2.0rc1"
11 error cwd C:\Users\501677641\Node\grunt-string-replace
12 error node -v v0.8.11
13 error npm -v 1.1.62
14 verbose exit [ 1, true ]
